[INFO] Scanning for projects...
[INFO] 
[INFO] -------------------< com.mini-cache.app:mini-cache >--------------------
[INFO] Building mini-cache 1.0-SNAPSHOT
[INFO] --------------------------------[ jar ]---------------------------------
[INFO] 
[INFO] >>> spring-boot-maven-plugin:3.3.0:run (default-cli) > test-compile @ mini-cache >>>
[INFO] 
[INFO] --- maven-resources-plugin:3.3.1:resources (default-resources) @ mini-cache ---
[INFO] Copying 1 resource from src/main/resources to target/classes
[INFO] 
[INFO] --- maven-compiler-plugin:3.13.0:compile (default-compile) @ mini-cache ---
[INFO] Nothing to compile - all classes are up to date.
[INFO] 
[INFO] --- maven-resources-plugin:3.3.1:testResources (default-testResources) @ mini-cache ---
[INFO] skip non existing resourceDirectory /Users/garrett/workplace/mini-cache/src/test/resources
[INFO] 
[INFO] --- maven-compiler-plugin:3.13.0:testCompile (default-testCompile) @ mini-cache ---
[INFO] Nothing to compile - all classes are up to date.
[INFO] 
[INFO] <<< spring-boot-maven-plugin:3.3.0:run (default-cli) < test-compile @ mini-cache <<<
[INFO] 
[INFO] 
[INFO] --- spring-boot-maven-plugin:3.3.0:run (default-cli) @ mini-cache ---
[INFO] Attaching agents: []
  .   ____          _            __ _ _
 /\\ / ___'_ __ _ _(_)_ __  __ _ \ \ \ \
( ( )\___ | '_ | '_| | '_ \/ _` | \ \ \ \
 \\/  ___)| |_)| | | | | || (_| |  ) ) ) )
  '  |____| .__|_| |_|_| |_\__, | / / / /
 =========|_|==============|___/=/_/_/_/

 :: Spring Boot ::                (v3.3.0)

2025-07-14T21:14:45.596-07:00  INFO 86764 --- [           main] com.minicache.app.App                    : Starting App using Java 21.0.6 with PID 86764 (/Users/garrett/workplace/mini-cache/target/classes started by garrett in /Users/garrett/workplace/mini-cache)
2025-07-14T21:14:45.599-07:00  INFO 86764 --- [           main] com.minicache.app.App                    : No active profile set, falling back to 1 default profile: "default"
2025-07-14T21:14:46.078-07:00  INFO 86764 --- [           main] o.s.b.w.embedded.tomcat.TomcatWebServer  : Tomcat initialized with port 8080 (http)
2025-07-14T21:14:46.084-07:00  INFO 86764 --- [           main] o.apache.catalina.core.StandardService   : Starting service [Tomcat]
2025-07-14T21:14:46.084-07:00  INFO 86764 --- [           main] o.apache.catalina.core.StandardEngine    : Starting Servlet engine: [Apache Tomcat/10.1.24]
2025-07-14T21:14:46.108-07:00  INFO 86764 --- [           main] o.a.c.c.C.[Tomcat].[localhost].[/]       : Initializing Spring embedded WebApplicationContext
2025-07-14T21:14:46.109-07:00  INFO 86764 --- [           main] w.s.c.ServletWebServerApplicationContext : Root WebApplicationContext: initialization completed in 482 ms
2025-07-14T21:14:46.276-07:00  INFO 86764 --- [           main] o.s.b.w.embedded.tomcat.TomcatWebServer  : Tomcat started on port 8080 (http) with context path '/'
2025-07-14T21:14:46.280-07:00  INFO 86764 --- [           main] com.minicache.app.App                    : Started App in 0.874 seconds (process running for 1.041)
2025-07-14T21:14:52.409-07:00  INFO 86764 --- [nio-8080-exec-1] o.a.c.c.C.[Tomcat].[localhost].[/]       : Initializing Spring DispatcherServlet 'dispatcherServlet'
2025-07-14T21:14:52.410-07:00  INFO 86764 --- [nio-8080-exec-1] o.s.web.servlet.DispatcherServlet        : Initializing Servlet 'dispatcherServlet'
2025-07-14T21:14:52.410-07:00  INFO 86764 --- [nio-8080-exec-1] o.s.web.servlet.DispatcherServlet        : Completed initialization in 0 ms
